Build started 10/3/2015 4:14:15 PM.
     1>Project "C:\My Programs\Vocabulary-Game\Vocabulary Game\Vocabulary Game\Vocabulary Game.vcxproj" on node 2 (Build target(s)).
     1>ClCompile:
         C:\Program Files (x86)\Microsoft Visual Studio 14.0\VC\bin\CL.exe /c /ZI /nologo /W3 /WX- /sdl /Od /Oy- /D _MBCS /Gm /EHsc /RTC1 /MDd /GS /fp:precise /Zc:wchar_t /Zc:forScope /Zc:inline /Fo"Debug\\" /Fd"Debug\vc140.pdb" /Gd /TP /analyze- /errorReport:prompt Games.cpp Main.cpp Menu.cpp TextToSpeech.cpp
         TextToSpeech.cpp
         Menu.cpp
         Main.cpp
     1>c:\my programs\vocabulary-game\vocabulary game\vocabulary game\main.cpp(16): warning C4101: 'userInput': unreferenced local variable
         Games.cpp
     1>c:\my programs\vocabulary-game\vocabulary game\vocabulary game\games.cpp(14): warning C4244: 'argument': conversion from 'time_t' to 'unsigned int', possible loss of data
     1>c:\my programs\vocabulary-game\vocabulary game\vocabulary game\games.cpp(101): warning C4244: 'argument': conversion from 'time_t' to 'unsigned int', possible loss of data
         Generating Code...
     1>c:\my programs\vocabulary-game\vocabulary game\vocabulary game\menu.cpp(27): warning C4715: 'Menu::GameSelectMenu': not all control paths return a value
       Link:
         C:\Program Files (x86)\Microsoft Visual Studio 14.0\VC\bin\link.exe /ERRORREPORT:PROMPT /OUT:"C:\My Programs\Vocabulary-Game\Vocabulary Game\Debug\Vocabulary Game.exe" /INCREMENTAL /NOLOGO kernel32.lib user32.lib gdi32.lib winspool.lib comdlg32.lib advapi32.lib shell32.lib ole32.lib oleaut32.lib uuid.lib odbc32.lib odbccp32.lib /MANIFEST /MANIFESTUAC:"level='asInvoker' uiAccess='false'" /manifest:embed /Debug /PDB:"C:\My Programs\Vocabulary-Game\Vocabulary Game\Debug\Vocabulary Game.pdb" /TLBID:1 /DYNAMICBASE /NXCOMPAT /IMPLIB:"C:\My Programs\Vocabulary-Game\Vocabulary Game\Debug\Vocabulary Game.lib" /MACHINE:X86 Debug\Games.obj
         Debug\Main.obj
         Debug\Menu.obj
         Debug\TextToSpeech.obj
         Vocabulary Game.vcxproj -> C:\My Programs\Vocabulary-Game\Vocabulary Game\Debug\Vocabulary Game.exe
     1>Done Building Project "C:\My Programs\Vocabulary-Game\Vocabulary Game\Vocabulary Game\Vocabulary Game.vcxproj" (Build target(s)).

Build succeeded.

Time Elapsed 00:00:07.22
